20:29:54 **** Incremental Build of configuration Debug for project TP3 ****
make all 
Building file: ../Controller.c
Invoking: GCC C Compiler
gcc -O0 -g3 -Wall -c -fmessage-length=0 -MMD -MP -MF"Controller.d" -MT"Controller.o" -o "Controller.o" "../Controller.c"
../Controller.c: In function ‘controller_sortEmployee’:
../Controller.c:222:32: warning: passing argument 2 of ‘ll_sort’ from incompatible pointer type [-Wincompatible-pointer-types]
     ll_sort(pArrayListEmployee,employee_compareById,0);
                                ^~~~~~~~~~~~~~~~~~~~
In file included from ../Controller.c:3:0:
../LinkedList.h:55:5: note: expected ‘int (*)(void *, void *)’ but argument is of type ‘int (*)(Employee *, Employee *) {aka int (*)(struct <anonymous> *, struct <anonymous> *)}’
 int ll_sort(LinkedList* this, int (*pFunc)(void* ,void*), int order);
     ^~~~~~~
../Controller.c:226:32: warning: passing argument 2 of ‘ll_sort’ from incompatible pointer type [-Wincompatible-pointer-types]
     ll_sort(pArrayListEmployee,employee_compareById,1);
                                ^~~~~~~~~~~~~~~~~~~~
In file included from ../Controller.c:3:0:
../LinkedList.h:55:5: note: expected ‘int (*)(void *, void *)’ but argument is of type ‘int (*)(Employee *, Employee *) {aka int (*)(struct <anonymous> *, struct <anonymous> *)}’
 int ll_sort(LinkedList* this, int (*pFunc)(void* ,void*), int order);
     ^~~~~~~
../Controller.c:231:32: warning: passing argument 2 of ‘ll_sort’ from incompatible pointer type [-Wincompatible-pointer-types]
     ll_sort(pArrayListEmployee,employee_compareByName,1);
                                ^~~~~~~~~~~~~~~~~~~~~~
In file included from ../Controller.c:3:0:
../LinkedList.h:55:5: note: expected ‘int (*)(void *, void *)’ but argument is of type ‘int (*)(Employee *, Employee *) {aka int (*)(struct <anonymous> *, struct <anonymous> *)}’
 int ll_sort(LinkedList* this, int (*pFunc)(void* ,void*), int order);
     ^~~~~~~
../Controller.c:235:32: warning: passing argument 2 of ‘ll_sort’ from incompatible pointer type [-Wincompatible-pointer-types]
     ll_sort(pArrayListEmployee,employee_compareByName,0);
                                ^~~~~~~~~~~~~~~~~~~~~~
In file included from ../Controller.c:3:0:
../LinkedList.h:55:5: note: expected ‘int (*)(void *, void *)’ but argument is of type ‘int (*)(Employee *, Employee *) {aka int (*)(struct <anonymous> *, struct <anonymous> *)}’
 int ll_sort(LinkedList* this, int (*pFunc)(void* ,void*), int order);
     ^~~~~~~
../Controller.c:239:32: warning: passing argument 2 of ‘ll_sort’ from incompatible pointer type [-Wincompatible-pointer-types]
     ll_sort(pArrayListEmployee,employee_compareByHoras,0);
                                ^~~~~~~~~~~~~~~~~~~~~~~
In file included from ../Controller.c:3:0:
../LinkedList.h:55:5: note: expected ‘int (*)(void *, void *)’ but argument is of type ‘int (*)(Employee *, Employee *) {aka int (*)(struct <anonymous> *, struct <anonymous> *)}’
 int ll_sort(LinkedList* this, int (*pFunc)(void* ,void*), int order);
     ^~~~~~~
../Controller.c:243:32: warning: passing argument 2 of ‘ll_sort’ from incompatible pointer type [-Wincompatible-pointer-types]
     ll_sort(pArrayListEmployee,employee_compareByHoras,1);
                                ^~~~~~~~~~~~~~~~~~~~~~~
In file included from ../Controller.c:3:0:
../LinkedList.h:55:5: note: expected ‘int (*)(void *, void *)’ but argument is of type ‘int (*)(Employee *, Employee *) {aka int (*)(struct <anonymous> *, struct <anonymous> *)}’
 int ll_sort(LinkedList* this, int (*pFunc)(void* ,void*), int order);
     ^~~~~~~
../Controller.c:247:32: warning: passing argument 2 of ‘ll_sort’ from incompatible pointer type [-Wincompatible-pointer-types]
     ll_sort(pArrayListEmployee,employee_compareBySueldo,0);
                                ^~~~~~~~~~~~~~~~~~~~~~~~
In file included from ../Controller.c:3:0:
../LinkedList.h:55:5: note: expected ‘int (*)(void *, void *)’ but argument is of type ‘int (*)(Employee *, Employee *) {aka int (*)(struct <anonymous> *, struct <anonymous> *)}’
 int ll_sort(LinkedList* this, int (*pFunc)(void* ,void*), int order);
     ^~~~~~~
../Controller.c:251:32: warning: passing argument 2 of ‘ll_sort’ from incompatible pointer type [-Wincompatible-pointer-types]
     ll_sort(pArrayListEmployee,employee_compareBySueldo,1);
                                ^~~~~~~~~~~~~~~~~~~~~~~~
In file included from ../Controller.c:3:0:
../LinkedList.h:55:5: note: expected ‘int (*)(void *, void *)’ but argument is of type ‘int (*)(Employee *, Employee *) {aka int (*)(struct <anonymous> *, struct <anonymous> *)}’
 int ll_sort(LinkedList* this, int (*pFunc)(void* ,void*), int order);
     ^~~~~~~
Finished building: ../Controller.c
 
Building target: TP3
Invoking: GCC C Linker
gcc  -o "TP3"  ./Controller.o ./Employee.o ./main.o ./parser.o ./utn.o    /home/maximiliano/Escritorio/Labo_Prog1/TPs/tp3_linux/tp3_linux/LinkedList.a
Finished building target: TP3
 
20:29:57 **** Incremental Build of configuration Debug for project TP3 ****
make all 
make: No se hace nada para 'all'.
